<?xml version="1.0" encoding="UTF-8"?>
<!-- Generated by org.testng.reporters.JUnitReportReporter -->
<testsuite skipped="0" hostname="Aaron-PC" name="ffp.autotest.base.crypt.AESCryptTest" tests="2" failures="0" timestamp="04 五月 2017 13:10:35 GMT" time="0.267" errors="0">
  <testcase name="decrypt" time="0.266" classname="ffp.autotest.base.crypt.AESCryptTest"/>
  <testcase name="encrypt" time="0.001" classname="ffp.autotest.base.crypt.AESCryptTest"/>
</testsuite> <!-- ffp.autotest.base.crypt.AESCryptTest -->
