<?xml version="1.0" encoding="UTF-8"?>
<!-- Generated by org.testng.reporters.JUnitReportReporter -->
<testsuite skipped="0" hostname="Aaron-PC" name="ffp.autotest.base.crypt.AESCryptTest" tests="2" failures="0" timestamp="03 五月 2017 09:57:31 GMT" time="0.245" errors="0">
  <testcase name="encrypt" time="0.004" classname="ffp.autotest.base.crypt.AESCryptTest"/>
  <testcase name="decrypt" time="0.241" classname="ffp.autotest.base.crypt.AESCryptTest"/>
</testsuite> <!-- ffp.autotest.base.crypt.AESCryptTest -->
