<?xml version="1.0" encoding="UTF-8"?>
<!-- Generated by org.testng.reporters.JUnitReportReporter -->
<testsuite skipped="0" hostname="Aaron-PC" name="ffp.autotest.base.encrypt.AESEncryptTest" tests="2" failures="0" timestamp="28 四月 2017 16:16:51 GMT" time="0.271" errors="0">
  <testcase name="decode" time="0.266" classname="ffp.autotest.base.encrypt.AESEncryptTest"/>
  <testcase name="encode" time="0.005" classname="ffp.autotest.base.encrypt.AESEncryptTest"/>
</testsuite> <!-- ffp.autotest.base.encrypt.AESEncryptTest -->
