<?xml version="1.0" encoding="UTF-8"?>
<!-- Generated by org.testng.reporters.JUnitReportReporter -->
<testsuite skipped="0" hostname="Aaron-PC" name="ffp.autotest.base.variables.CharsetVariable" tests="1" failures="0" timestamp="04 五月 2017 16:10:16 GMT" time="0.082" errors="0">
  <testcase name="test" time="0.082" classname="ffp.autotest.base.variables.CharsetVariable"/>
</testsuite> <!-- ffp.autotest.base.variables.CharsetVariable -->
