<?xml version="1.0" encoding="UTF-8"?>
<!-- Generated by org.testng.reporters.JUnitReportReporter -->
<testsuite skipped="0" hostname="Aaron-PC" name="ffp.autotest.base.crypt.MD5CryptTest" tests="2" failures="0" timestamp="05 五月 2017 12:54:54 GMT" time="0.032" errors="0">
  <testcase name="md32" time="0.000" classname="ffp.autotest.base.crypt.MD5CryptTest"/>
  <testcase name="md16" time="0.032" classname="ffp.autotest.base.crypt.MD5CryptTest"/>
</testsuite> <!-- ffp.autotest.base.crypt.MD5CryptTest -->
